nec UNK to join forces in supercomputer sales
sri lanka closes schools indefinitely
police arrest five anti-nuclear protesters
factory orders rises #.# percent in september
bank of tokyo urges calm after us decision to order daiwa closure
croatian croatian presidents to meet in zagreb
toyota team europe banned for one year
israel prepares for rabin 's funeral
indian prime minister 's promise of more autonomy sparks violence
UNK UNK UNK UNK
turnout heavy for parliamentary elections in trinidad
jordan 's crown prince visits jerusalem
poland 's main opposition endorses walesa in presidential run-off
rand firms against dollar at opening
human rights in guinea deteriorating amnesty international says
syrian woman arrested on terrorism charges in turkey
hk signs air services agreement with us
us citizen who spied for communist east germany given suspended jail sentence
davis cup world group semifinal results
france close in on new zealand
curtis conway UNK pass
at least ## killed in nigeria plane crash
candidates in algeria 's first free presidential election hold rallies
unicef concerned about children in eastern europe
swedish un soldier killed in bosnia
us judge denies extradition of former mexican official to mexico
jury hears case in murder of ## young women
hoechst to invest ### million dollars in china
former south korean military UNK faces impeachment
man convicted of ## murders sentenced to life in prison
clinton warns congress on budget blackmail
east timorese asylum seekers quit embassy
repatriation of bosnian moslems postponed
us space shuttle atlantis separates from mir
shooting down sri lankan air force
polish president kwasniewski cast ballots in tight contest
pakistan v pakistan tea scores
head of chechnya 's government survives bomb attack
australia 's news corp joins brazil 's globo in satellite venture
former israeli chief of staff to be named fm in peres
indicted war criminals not allowed to serve in bosnia
failed credit union suffers huge losses in tokyo
leeson becomes golden boy of asian financial el UNK
UNK UNK UNK UNK
malaysian prime minister to relinquish control of ruling party
bosnian croat forces torch homes in western bosnia
zimbabwe 's mugabe 's pay packet to be more than doubled
former french pm former defense secretary to serve on australian nuclear commission
former mexican president 's brother linked to drug ring
eu mediterranean countries meet on economic political cooperation
izetbegovic accuses bosnian serb leader of influencing us congress
pakistan manager denies poor performance in test series
cardoso opens probe into scandal
french rail workers strike for sixth day
lewis 's handlers ready to offer bowe # million dollars
ramos confident of peace talks with moslem rebels
ericsson to sell relay production to UNK
east timorese president urges rivals to forgive each other
irish government urges prudence on savings scheme
russian fm welcomes us move to enter UNK talks
gm expects to avoid crippling strike at its largest parts unit
bangladesh to host world cup live on big screens
india win toss batting v india in #st test
czech polling stations close after first day of voting
indian state pays rewards to policemen for killing maoist rebels
un condemns attack on russian embassy in baghdad
african nations to hold annual talks on private sector
american csc wins prologue of dauphine libere
tokyo fund manager admits insider trading
world indoor quarterfinal championships pentathlon results
bomb explodes outside colombo navy base
serbs in kosovo break off ties with un
mourinho sets sights on champions league
russia warns against nato taking in ukraine georgia
robben wishes to prove dutch national coach
mittal 's hostile takeover offer officially begins in u.s.
indian mangoes to hit indian markets
#.# billion worldwide watch world cup opening ceremony
rumsfeld hails killing of al-qaeda leader in iraq
french crocodile farm steps up efforts to breed endangered species
indonesia 's earthquake survivors face final straw
prince philip celebrates ##th birthday
federer sisters advance in wimbledon
spain 's raul continues to play in world friday
g# finance ministers warn of soaring energy costs
eriksson says england must improve against paraguay
tropical depression hits western cuba
olmert urges palestinian president to disarm militants
terry may need surgery on injured thumb
spain could get unexpected boost ahead of ukraine match
xinhua summary of asia-pacific economic news thursday oct. ##
czech republic # united states #
cuban prince throws guitar over head of unicef
french bank credit agricole bids for emporiki bank
bush visits iraq to back new government
notre dame to rename open square for late pope john paul
somali town girds for new clashes after militia chiefs flee
french press slams switzerland #-# at halftime
press freedom in algeria remains at risk
nalbandian optimistic about wimbledon fitness
goldman sachs increases bid for ab ports
beckenbauer hopes germany not drawn with england
berlusconi re-elected as ac milan president
nato warns against taliban attacks on afghanistan
bollywood star refuses to bow to pressure from indian minister
slovenia gets green light for euro
mauritania launches electoral campaign for constitutional referendum
slovaks start voting in parliament
mickelson maintains lead in us open
world whale talks hit third straight defeat
america america to teach at inner-city schools
cup cup group ## result
factfile on ivory coast
germany not practicing UNK in training says klinsmann
collated world cup results and standings
factfile on croatia in world cup group f
sri lanka 's tamil rebels reaffirm commitment to truce
estonian forest fires banned in state forest
north korean missile test to test us missile defense system
journalists in afghanistan outraged over media guidelines
south korea to consider dropping food aid to north korea
us lawyer to sue polish government over debt repayment
illegal immigrants stage peaceful breakout in malta
south korea celebrates world cup
cathay pacific orders six boeing UNK freighter aircraft
chinese scientists ask us journal to withdraw letter of bird flu
argentina defender UNK ruled out of mexico clash
at least # arrested in plot to attack sears tower in miami
blair urges justice system to be UNK
spain beat saudi arabia #-# in group h
white house says video of al-qaeda no. # zawahiri is latest shot
krajicek beats safina for first grasscourt title
arcelor directors to meet in luxembourg on severstal bid
taiwan man hangs himself in taiwan
france beat south africa to become world under-## rugby champions
france seeks release of UNK soldier
china executes five people for drug trafficking
italian voters reject berlusconi 's constitutional change
vietnam chooses new president
wigan moves to consolidate premiership status
katrina fraudsters cost taxpayers two billion dollars
us-india nuclear deal clears first hurdle
china loses #.# billion dollars last year through corruption poor land management
italian clubs invite prince victor to resign
al-aqsa brigades says israeli settler abducted
kuwaiti women join in voting for oil-rich gulf state
g# fms begin talks on iran nuclear program
greece concerned over escalating hostilities in israel
european shares rise on bargain-hunting us rates
australian gov t warns building products company james hardie
hamas pm insists on securing release of israeli soldier
us deports two bosnian serbs for srebrenica massacre
italy beat ukraine in world cup quarter-finals
n. korea holds state funeral for former minister
sydney celebrates gay mardi gras
mobutu to stay at french riviera until end of week
rand slightly weaker in early trade
top sunni moslem leader to visit germany
chirac says eu 's maastricht treaty has same right to join monetary union
thai man returns home after his own funeral
official results from u.s. presidential election
croatia protests attack against catholic church in sarajevo
french magistrates accuse chirac of ignoring objections
germany to give ###,### dollars for iran quake victims
imf chief tells india to prepare for second wave of reforms
canada investigates wal-mart retail chain
india 's congress to block some tax cut plans
### rwandan refugees stuck at nairobi airport
u.s. underscores support for international efforts to end insurrection in albania
top rwandan suspect pleads not guilty to genocide charges
us economy creates ###,### jobs in february
six us tourists killed in costa rica plane crash
zairean rebels reject u.n. calls for ceasefire
south korean unions threaten new strikes against labor law
mubarak to ask clinton to use influence to halt settlement
stability of hong kong 's stock to continue after july #st
us study group welcomes normalisation of indo-pak ties
diana visits homeless cold shelter in london
rand firms against dollar in early trade
results of elections in eastern slavonia expected tuesday
arab group dismisses israel 's warning on peace process
sesame street extends joint production of chinese version
unrest in albania inches closer to tirana
general censures israel for jerusalem housing plan
cambodian military impatient with delay in peace talks
thai share prices edge down #.# percent
UNK UNK UNK UNK
##,### computer employees await word on reorganization
chinese legislators reject government 's anti-corruption report
man shot dead in belfast
chemical spill in british airways
strong earthquake shakes wide areas of tokyo
tens of thousands march through brussels to defend jobs
finance ministry unlikely to sell ntt bond
## north african immigrants killed in truck accident
un secretary general announces merger of three development departments
north korean defector lands in china
jakarta shares close #.# percent lower in moderate trading
iran cleric threatens to call for holy war
clinton admits us-russia summit will be tough
second black box found at airplane crash site
burma puts five cities on security alert
netanyahu proposes talks on final status of palestinian territories
politicians urged to vote on voluntary euthanasia bill
## afghans killed hundreds injured in ammunition depot blast
delta to announce major new aircraft purchase
gore welcomes liggett 's admission to tobacco
ukrainian president threatens to dissolve parliament
volkswagen reports sharply higher operating profit in ####
UNK criminal features more likely to be found
indian elephant to be extinct unless government launches war
us vice president arrives in asia
girl cut off widower 's penis
marubeni fuji UNK joint venture
zairean president takes note of parliament 's decision to sack premier
clinton to meet king hussein in jordan
cheung kong tycoon cheung kong profit expected to rise in ####
nomura securities house raided
china signs #.# billion dollars contracts with american giants
dalai lama leads ##,### people in holy rite rite
s pore rubber prices per kilo
un expert on missing persons quits in yugoslavia
saudi suspect in saudi arabia bombing case at deportation hearing
sudanese opposition says it killed over ### soldiers in east
malaysia denies freezing new ties with s pore
the news service spot news budget for may # ####
at least ## killed in fighting in northern kenya
sudanese beheaded in saudi arabia
cambodia heralds film revival with international festival
macedonian minister resigns over scandal
palestinian police beat israeli journalist in hebron
colombian mediator hints rebels holding ## hostages
india pakistan vow to continue working for closer ties
netanyahu may meet clinton next week
russia launches campaign against illegal immigration
italy 's leftwing opposition to protest education cuts
france paris mark first global day for right to die in dignity
india ###-# at tea in third test
eu warns of military intervention in congo
german bank seeks ## billion euros in loan guarantees
hong kong shares close #.## percent higher on technical rebound
taiwan-china talks expected to see closer economic ties
un chief to mediate in congo crisis
us presidential election highlights historic importance
obama seeks to become first black president
taiwan shares open lower on profit-taking
french officers sue rwanda over genocide
voter turnout reaches record high in us president obama
eurozone retail sales weaker than expected in september
australian prime minister praises obama for king 's dream
obama wins us presidency networks
us restricts iran 's access to us financial system
australia coach deans makes eight changes against italy
raiffeisen trims #### profit forecast
india ###-# at lunch in first test against australia
thousands attack chinese police in shenzhen
bush vows to take time for stimulus measures
european bank lending tightens in coming months
five french trekkers killed in nepal
real madrid tops malaga #-# in spanish first division
haitian school death toll rises to ##
obama vows swift action on economic crisis
pope marks ##th anniversary of kristallnacht pogrom
australian fm congratulates new zealand 's new pm
iraq 's cabinet to meet on military accord
syria lebanon to boost border controls
hsbc reports third-quarter profit of #.# billion euros
trial to begin for italy biker gangs
russia 's defense industry badly hit
global stocks fall amid grim company news
eight members of french anarchist group arrested
angola cup cup cup final result
iraqi fm repeats denunciation of us raid on syrian village
experts say german economy will grind to halt next year
nz shares close down #.## percent
juventus move into second place in serie a
us stocks post modest gains in morning trade
chelsea striker drogba under investigation for incident
china to punish singers for cheating public
pakistan takes unbeatable #-# lead over pakistan in one-day series
opel asks for credit guarantees for financing
chinese fishing boat hijacked off east africa
vietnam rejects posco 's proposal to build steel mill
french pilots vote to press ahead with strike
iran to cut oil production to #.# million barrels per day
malaga malaga draw #-#
gulf stock markets plunge
citigroup cuts ##,### jobs amid global recession
mediators raise concerns over fresh fighting near nagorny karabakh
india takes #-# lead over england
tibetan exiles meet in india
british pm narrows poll deficit
barclays agrees to amend terms of proposed UNK
chinese shares close #.# percent lower
england 's world cup winner calls for beckham 's career
obama 's transition team names teams to develop policies
zawahiri warns obama against sending more troops to afghanistan
germany 's party politics UNK ugly head
us intelligence warns of unstable world
medvedev demands ukraine repay #.# billion dollars of debt to gazprom
council of europe slams unacceptable conditions in france 's jails
christmas for us economy
nicaragua 's opposition to annul municipal elections
oil prices continue to struggle under ## dollars
malaysian shares expected to remain volatile
celtics beat pistons in nba rematch
alleged us terror plot mastermind on the run in pakistan
somali pirates vow to fight back
australian shares open up #.# percent
england striker defoe out for weeks
south korea to inject #.# billion dollars into state fund
oil prices rise towards ## dollars
malaysia 's central bank cuts interest rates
standard chartered to raise #.## billion pounds in rights issue
lyon knock fiorentina out of champions
us banking industry profits down ## percent
polls open in greenland for referendum
bhp billiton drops bid for rio tinto
south korea 's current account surplus shrinks
iraq to hold referendum on us military pact
new violence leaves # policemen ## militants dead in afghanistan
thai army chief tells protesters to leave key sites
formosa plastic group to lend ### million us dollars to micron technology
juan UNK wins juan literary prize
greek state power utility profits slide in first nine months
eu consumer confidence slumps in november
chinese shares edge up #.## pct at midday
celtic midfielder hartley launches passionate defense of scottish football
french plane arrives in mumbai
turkey 's telecom authority auctions #g mobile phone licences
new zealand stocks close #.## percent up
new zealand beats england ##-#
un eu call for global stimulus package
four policemen shot dead in southern russian republic
merkel presides over key congress of her party
tamil tigers admit losing ## men in suicide attack on navy
eu to take china to task at human rights commission over its policy
dollar at ###.##-## yen in early york
israel qatar to open trade offices
dollar major currencies little changed in london
us official arrives in china for talks on copyright piracy
british government pledges to hold referendum on single currency
argentine court orders investigation into abductions of ## people
chinese scholar remembers tiananmen victims
un report says torture and maltreatment of prisoners increasingly widespread
russian communists plan to roll back yeltsin 's economic reforms
grid positions for indonesian grand prix
mystery fumes sweep tokyo subway station
algerian leaders UNK in first half of ####
kazakhstan breaks world record in asian weightlifting
cantona gives united the edge
### hostages held hostage in liberia
newcastle back on top
islamic countries meet to discuss islamic world
sampras wins hong kong open
toyota toyota unveil california electric car market
munich v cologne v cologne v cologne v cologne v cologne hannover v cologne v cologne
international boat show booms in china
peres warns southern lebanon to prepare for retaliatory strikes
opec president arrives in qatar
black to meet enqvist in indian open final
lebanese pm meets with egyptian president
israelis homes hit in hezbollah rocket attacks
india v india sharjah one-day one-day scoreboard
russian forces in chechnya begin limited withdrawal
foreign consulates to open in guangzhou
lebanese prime minister accuses britain of supporting hezbollah
opec leaders arrive in kuwait for first visit since iraq invasion
pilots of crashed jetliner tired and confused
india v pakistan sharjah cup scoreboard
christopher widens consultations on israeli-lebanese ceasefire
australian foreign minister to lobby south korea thailand
german parliament calls for more women in sport
bosnia 's former warring parties call back
newcastle united to play off for english title
planet hollywood opens souvenir shop in friday
germany protests to jakarta over violence treatment of east timorese
hoyer wins men 's singles title
four killed in train accident in sunday morning
bomb blast kills ## in delhi
chinese couple loses beijing 's first court case
asian films compete for golden palms at cannes film festival
china russia to sign bilateral treaties on police cooperation
israeli aircraft carry out air raids on south lebanon
clinton announces reforms of cia spy agency
dudayev killed in secret location
piquet and UNK to drive mclaren in le mans ##-hour race
india 's ruling party leads in general elections
french foreign minister arrives in beirut
foreigners may be given access to entire country in sweden
hong kong shares fall #.# percent in quiet trading
spanish prime minister to become prime minister
us extends freeze on loans to china
bayern knock off top spot in bundesliga
bomb explosion kills ethnic albanian child in kosovo
gold opens lower in hong kong
peres confident of ceasefire in lebanon
chinese pro-democracy activist arrested in shanghai
nato troops in bosnia brace for further violence
u.s. claims credit for ceasefire in israel
filipino boxer dies after serious head injuries
djokovic beats canas in miami masters series
australian shares close lower after rate hike speculation
UNK announces share buyback program
romney pockets ## million dollars in #### war chest
south african rugby sevens fans hurl racist abuse at rugby sevens
qatar 's emir names new pm
tokyo takes cautious position on civilian nuclear deal with us
tendulkar breaks silence on world cup debacle
first major incursion into gaza since ceasefire
russian authorities want european body to investigate seal deaths
o'meara wins masters par-# contest
# more u.s. soldiers killed as fighting rages in baghdad
iraqi journalist killed in suicide truck bomb
miami books playoff berth with overtime win over cleveland
brazilian defender carlos almost destroyed in personal life
england 's naval links with iran weathers many maritime storm
brazilian defender pepe out for the season
russian president returns lost icon of our lady to russia
us delegation arrives in north korea
yankees place matsui on disabled list
key events since saddam hussein overthrow
halliburton ends work commitments in iran
sarkozy brushes off le pen remarks
french property group UNK to buy dutch rival UNK europe
oil prices rebound as iran tests western nerves
five east timor candidates file protest against poll
christian conservatives in us may have less success
tom ford to open first store in new york
sri lankan jet makes emergency landing
russian steel group evraz to buy canadian group
world trade organisation warns of global slowdown
un condemns suicide bombings in algeria
turkey arrests two suspects behind deadly bomb attacks
cricket world cup to host women 's cricket world cup
ireland can improve if aussies get more exposure says johnston
moscow police clash with protesters in moscow
france 's bourdais claims ##th champ-car pole
paris marathon results
rooney ready for final weeks
###,### people immigrate to netherlands last year
swiss team left frustrated in louis vuitton cup
man sentenced to ## months in prison for butterflies trafficking
iran sends condolences to us
finnish parliament elects centre party leader vanhanen as prime minister
south africa crush england #-#
film festival opens in north america
siberia mine blast death toll rises to ###
somali elders accuse ethiopian troops of breaking truce
white sox beat rangers #-#
malaysian police break up by-election campaign
white house warns iran of possible new sanctions
lara to quit international cricket
tokyo stock market braces for corporate results
bulgarian man arrested in france for trafficking prostitutes in france
gunman kills man self at nasa 's johnson space center
african champions league tie result
formula one grand prix results
thousands attend rally to welcome back hardline separatist leader
ireland rewarded for world cup debut
turkmen president to visit russia monday
nigerian election winner elected governor of the strict muslim state
younis pulls out of pakistan squad
saudi executed for murdering compatriot
radical islamist leader in morocco arrested in iraq
canadian detainee at guantanamo charged with murder
royal bank of scotland proposes UNK for abn amro
boeing profit rises ## percent in first quarter
argentina 's gaudio to retire from french open
firebomb damages car of uruguay ambassador
euro slips against dollar yen in european trade
israeli patrol crosses into southern lebanon
angelina jolie lobbies for orphans children at risk
baseball 's baseball games results
russian cellist mstislav rostropovich dead at ##
solana calls for u.s. open channel of communication with iran
sri lankans watch australia at cricket world cup
sri lanka ###-# chasing ### to win
south african cricket backs south african cricket world cup
UNK wins her own first lpga title in corona championship
environmental groups urge action on climate change
sri lanka 's tamil rebels say they hit military war plane
tokyo stocks down #.## percent on wall street losses
two us soldiers killed in iraq 's northeastern province
myanmar 's opposition party opens art sale
european shares close sharply higher on first trading day
vietnam airlines reports profits for #### despite increased fuel costs
guantanamo official describes abuse of detainees koran at guantanamo
australia 's agl energy makes preliminary merger with origin energy
macedonian president visits troops in iraq
us stocks mixed as oil prices tumble
thailand may cancel trips after deadly bombings
north korea nuclear talks to resume in beijing
us embassy in iraq confirms abduction of american
some held at guantanamo are minors lawyers say
davydenko retires from sydney international
eu unveils plan to diversify energy sources
rennes midfielder m UNK loaned till end of season
gazprom chevron set up joint venture
slovenia 's old national money goes missing
lebanese soldier wounded in clash with islamist group
beckham to leave real madrid
sharp to boost output of flat screen televisions in mexico mexico
ferguson says beckham not surprised to return to united
us envoy expects progress in nkorea nuclear talks
bangladesh woman three children killed in explosion
los angeles galaxy coach UNK not sure when beckham is going
ljubicic eliminated on opening day of australian open
italian police bust illegal immigrant minors
# dead in hydrofoil collision off sicily sicily
air china to remain china 's most profitable carrier this year
flannery recalled to ireland squad
british terror suspect on the run
dalian bank to sell ## percent stake to scotiabank
third vessel may have caused fatal collision in italy
new york oil prices spike to ## dollars per barrel
spouses caught cheating in michigan
east timor un seek ##.# million dollars to resettle displaced people
iraqi syrian leaders affirm joint aim to improve ties
russia warns estonia of serious consequences if monument to soviet soldiers
australian stocks expected to remain near record levels
at least ## sri lankan soldiers killed in battle for key rebel stronghold
former republican lawmaker sentenced to ## months in prison
us defense secretary returns home
UNK UNK UNK UNK
five killed in bombing near baghdad hotel
us soldier killed in iraq 's sunni bastion
china reinsurance gets green light for overseas listing
vehicle carrying hazardous material to be fitted with UNK in s pore
palestinians prepare for unity government
cuba 's sporting prowess under threat
container ship runs aground in le havre
eu calls for more efforts to improve public finances
platini johansson UNK up with beckenbauer
democrats accuse bush of leading america into war in iraq
chadian security forces detain armed hijacker
senate panel debates resolution condemning bush 's plan to send more troops to iraq
germany wins european pairs title
australian open results in day two
four children killed in mortar explosion in afghanistan
un chief meets with special envoy for kosovo
tokyo consumer prices rise #.# percent in december
gates says vaccinations reach record levels in poor countries
quebec prime minister fails to speak with royal
questions raised over british royal family 's phone messages
talks resume to end guinean general strike
china china vow to build mutually beneficial ties
sweden 's jens UNK wins second world cup slalom
bollywood star shilpa shetty wins reality tv show
taliban attack kills afghanistan policeman wounds three
pope john paul ii has a passion for skiing
man u 's defensive problems cause concern
russia cautiously optimistic about north korea nuclear talks
mortar rounds slam into baghdad sunni district killing ##
us forces running up against clock in iraq
## countries meet to set national quotas for tuna
germany orders arrest of ## people accused of spying
eight killed in kenyan traffic smash
canada u.s. launch satellite to monitor biodiversity climate change
chelsea beckham top rich list
u.s. to bolster forces in iraq
catalogue of jacqueline kennedy onassis collection published
crude oil prices climb towards ## dollars
u.s. chemical lab to build chemical lab in fallujah
austrian gruber leads world cup giant slalom
two major challenges expected in ohio
ukraine not to withdraw troops from iraq for # to five more months
israeli students return home from jail
pop artist tom UNK dies at ##
indian airlines to buy new planes
columnist jack UNK dies
jal selects boeing 's new #e# passenger jet
# police officers arrested on suspicion of shooting arizona tourists
oscar oscar oscar nominations
american sea hero lives in arabian sea
text of pope 's midnight mass homily
christians muslims riot in pakistan
global warming plan splits oil companies
pirates free malaysian tugboat
la women 's tennis results
cambodian court convicts opposition legislator of defaming pm
pakistani human rights body says attackers of christian group not spontaneous
u.n. security council votes to name and shame
pakistan air force fighter jet crashes in training pilot ejects safely
adidas second-quarter net profit falls ## pct
suspected u.s. missile strike kills wife of pakistani taliban chief
nascar driver gets carbon monoxide
hannover re #q net profit up ## percent
newcastle starts new season in the league
woman sentenced to jail for letting #-year-old son drive out drunk
u.s. senators block ## guantanamo nominees
iran north korea meet on nuclear issue
uighur activist calls for u.n. investigation of violence
portugal to take two syrian detainees from guantanamo
gm worried about regaining consumer confidence
sotomayor sworn in as supreme court 's first female justice
lin dan poised to win three successive titles at badminton worlds
arctic ocean gives up tens of thousands of ice
nestle reports # pct fall in first-half profit
obama 's campaign for health care overhaul
obama presents highest civilian honor
atp rogers cup results
swiss court backs aid to haiti
search for missing cargo ship reaches south africa
hezbollah threatens to hit tel aviv if israeli forces attack
israel quietly halts new west bank building
riga draws with north riga in north
richards wins opening gold of world championships
canadian pm dines on seal meat
greece defender UNK to join liverpool
ivory coast striker UNK to leave werder bremen
cbs newsman don hewitt dies at ##
sao paulo extends winning streak to seven matches
sri lanka vs. new zealand result
results of women 's ###m hurdles at athletics worlds
federer reaches quarterfinals at masters
truck bombing kills ## in baghdad
u.s. home resales post largest monthly rise in ## years
UNK UNK UNK UNK
dodgers beat cubs #-#
results of danish first division soccer
u.s. probes harsh questioning of detainees
obama seeks second term as fed chief
maradona predicts victory against brazil in world cup qualifier
results of connecticut open wta tennis
uighur economist freed without charge
# pakistani men killed in drive-by shooting
wta tour pilot pen tennis results
morocco 's king orders rest of king for digestive infection
it 's not green cheese
facebook gives users more privacy controls
toyota pulls out of california plant
saudi prince vows to fight terrorism
dutch judges call girl 's plan to sail solo daring risky
secret sex slave to face ## years in jail
man united to start defense of league cup against wolves
summaries of spanish first division soccer league league
button crashes out of belgian f#
opposition sweeps historic victory in elections
bertelsmann posts first-half loss of euro## million
shares in africa israel investments plummet
french trader kerviel to stand trial over transactions
european far-right supporters march on labor day
police tighten security at man accused of killing ## in shooting spree
u.s. marines move toward liberia 's shores
china executes man who pushed wife to death
woman to run for first time in caribbean
results of austrian open table tennis championships
baghdad reopens roads to kurdish area
liberian refugees return home from burning city
germany urges greater participation of women in technical fields
the italian open
one-third of bulgarian state-run enterprises privatized
philippine governing party suspends lawmaker expelled from senate
poland 's state-owned oil refineries become biggest company
eu loses #.# billion euros to fraud last year
cambodian buddhism leader marches for peace
malaria epidemic in azerbaijan in neighboring countries
duchess of york to write new book
norwegian shipyard workers reject wage offer
russian border guards seize opium on tajik-afghan border
india 's future government mulls forming coalition
russia 's orthodox church urges countrymen to make right choice
greece 's top court to decide on bribery charges against UNK
lucas fired as ##ers coach
bosnian soldiers begin training in turkey
documentary film festival opens in cannes
russians communists seek early presidential vote
insurance company aegon reports net profit rise
russia to lower currency gradually
arafat to visit greece next week
mandela meets screen idols
pope to celebrate ##th birthday in slovenia
guitarist johnny guitar watson dies at ##
zito wins preakness
panis wins monaco grand prix
russian troops bombard chechen village
results at world team cup tennis
montgomerie has no gale conditions
small arab party quits race for israel 's parliament
county on route of olympic torch passes anti-gay resolution
two cabinet members submit resignations to ciller
former all-england badminton champion dies
sanchez vicario advances to third round at madrid open
s. american president calls for more time to raise living standards
#,### people protest poor living conditions
gold drops in hong kong
puerto rican businessman to visit chile
indonesia lead denmark #-# in thomas cup final
gold drops in hong kong
u.s. delegation arrives in tajikistan
two south african climbers return to everest
muster out of french open
india beat new zealand #-# in four nations field hockey
arrest warrant issued for taiwanese stowaways
high productivity does n't always UNK with high profits
portugal could be surprise in euro championship finals
international bank revises up money market
germany not to abandon half million ethnic germans in kazakstan
final words from everest 's frozen peak
strong earthquake kills at least ## in southeastern turkey
petit to miss confederations cup
gm ford post declines in light vehicle sales
bush announces end of major combat operations in iraq
u.s. coalition 's top list of most-wanted figures
formula one teams agree to complete ban on automatic UNK
economic growth in toronto due to sars
european bank opens annual meeting in uzbekistan
rebels government forces sign cease-fire agreement
muslim guerrillas attack southern philippine town
latvia upsets russia slovakia remains unbeaten
rope on UNK still broken
lufthansa opens service at frankfurt airport
more than three months later
chinese premier warns of punishment for sars
hundreds of fans stolen from museum in missouri
former u.s. state department counterterrorism official to head transition in iraq
former u.s. state department counterterrorism official to head transition in iraq
president kumaratunga accuses sri lanka 's pm of degrading military
mama rose to be back in gypsy
blue jackets re-sign forward david UNK
china 's cabinet says sars wreaking havoc in cambodia
european central bank leaves interest rates unchanged
u.s. to push for lifting sanctions on iraq
ainge talks with celtics new owners
exxon mobil launches lubricant plant in bangladesh
eu wants to take control of iraq 's oil reserves
france france vow to support u.n. resolution on iraq
honduras to fine san francisco airport for not upgrading airport facilities
montenegro to hold presidential election in sunday
u.s. congress to link immigration with mexico
frankfurt marks ##th anniversary of book burnings
olympiakos wins greek first division soccer championship
euro higher against dollar on snow comments
bangladesh bhutan sign new trade agreement
eu finance ministers discuss budget deficits
panama recovers stolen artifacts stolen from museum
spanish title race set to run to wire
british foreign minister pays tribute to sisulu
pg&amp;e reports $ ### million loss
havana 's old street
blair says saudi arabia 's suicide bombings cowardly
somalia 's final phase of talks enters final session
russian scientist accused of espionage asks for jury trial
philippine senator files complaint against former president zedillo
u.s. forces seize ### prisoners including one man on most-wanted list
u.s. coast guard stops six cuban migrants
u.s. truck driver charged with transporting illegal immigrants
man with beard emerging as suspect in karachi explosions
dutch soccer body suspends van persie for two games
castroneves feels proud of joy
taiwan reports biggest jump in sars cases
sunday peace talks resume
prado hopes to win preakness
UNK UNK UNK UNK
saudi minister downplays u.s. role in terror probe
palestinian bicycle bomber blows himself up in israel
botswana to test aids vaccine
hundreds of teachers block train to machu picchu ruins
edmund hillary meets hillary edmund hillary
pakistan to host bangladesh for three test matches in august
bush administration raises terror alert level to orange
australia to keep open embassy in saudi arabia
mandela asks england to support south africa 's bid for #### world cup
u.s. senate democrats lose fight to keep ban on nuclear research
chicago to host #### championship
jackson continues winning ways
swiss swedish investigators raid ericsson offices
china lowers economic growth forecast for ####
u.s. gen. tommy franks to retire
families of british queen 's representative in australia seek to withdraw lawsuit
ivory coast military convoys set off on mission to secure lawless west
french foreign minister to meet arafat
wife 's body frozen in white face masks
world 's most populous nation to meet
colombian authorities find human rights lawyer
more troops needed to restore order in iraq
simple medical technique may make comeback in fight against sars
strong earthquake shakes northeastern tokyo
u.s. tax bill shows $ # billion worth of business with federal government
archbishop of canterbury urges change of teaching on homosexuality
tigers lions attack chinese zoo
santos faces cruz azul in copa libertadores quarterfinals
ebay seeks to reverse ##-million dollar verdict in patent case
mideast peace envoy meets with palestinian prime minister
pakistani opposition lawmakers demonstrate against constitutional changes
report on panama 's diplomatic missions closed
australian pm says al-qaida plotted terror attacks before sept. ## attacks
spain 's royal family has new member
microsoft to pay microsoft $ ### million in settlement
the vampire slayer is dead at ##
russia suggests u.s. join moscow in building nuclear power plant
bush thanks poland for standing up as wartime ally in iraq
russia india vow to boost cooperation
kenya holds trinidad to #-# draw
pentagon suspends effort to recover remains of u.s. war dead
construction spending rises to all-time high in us
u.s. congressman expresses concern over venezuela 's democracy
greek oil refinery workers threaten strike
dutch government vows to set country on less ambitious course
china 's grip on dissent tightens under leadership of president hu jintao
two more officials offer to step down
pistons beat heat to reach nba playoffs
hungarian far-right groups mark ##th anniversary of treaty
armed confrontations in west bank gaza called into question
arroyo 's spokesman vows to counter opposition claims
hushovd wins first stage at dauphine libere
bush notes his extraordinary relationship with blair
takeover of hvb group draws support from three hvb board members
schwarzenegger launches new book on the terminator
greek turkish justice ministers sign cooperation agreement
baby recovering quickly from cataract surgery
kabul 's slums of kabul suffer from heart defect
abuses brutality common at rio 's youth detention centers
brazilian stocks plunge for fourth day amid scandal
south korea hopes to forge unity with u.s. on nuclear disarmament
london share prices higher at midday
israeli police find olympic olympic gold of windsurfer gal
malaysia 's first submarines to arrive in france
lpga championship results
volvo statoil launch joint venture on fuel cell technology
philippine gov t opposition politician killed
israel 's military chief warns against gaza pullout
pakistani minister denies running terrorist camps
french french banks to combine securities services businesses
poland says eu constitution not dead
lakers jackson returns to lakers
russia 's constitutional court to hear first case against putin
osuna 's skirt flares
kyrgyz protesters rally for presidential candidate
sweden to make public transport more environmentally friendly
kristensen to drive for record seventh victory at le mans
wimbledon tennis results
fighting rages in southern afghanistan
china faces traditional powerhouse germany in world youth championship
new york brings out biggest hitter in #### olympics
israel arrests over ## islamic jihad militants in west bank
UNK sells credit-card portfolio to hsbc
u.s. senate endorses bush 's climate change policies
sri lanka 's parliament convenes for first time
two brazilians indicted in killing of american nun
cnooc reports ## percent rise in first quarter revenue
philippine president denies receiving election support from illegal gambling operators
russia trade minister on wto entry
britain criticizes iran 's serious deficiencies in elections
st. louis cardinals beat pittsburgh pirates #-#
german chancellor visits washington
bulgaria to buy back us$ ###.## million in brady bonds next month
hollywood fashion commentator undergoes surgery for kidney removal
malaysia expects to boost car exports to russia
u.s. dollar higher tokyo stocks up
mexico 's software giant extends program aimed at poaching customers
french prosecutor to request hearings for rwanda genocide suspect
gold markets open lower in wednesday
boeing names #m co.
grenada 's leader to visit china next week
swiss financier loses major round in extradition battle
south korea to play for third straight olympic women 's handball gold
zairean diplomat arrested in sweden for smuggling marijuana
thorpe 's toughest marriage comes to life
netanyahu orders closure of palestinian office in jerusalem
UNK wins gold in equestrian show jumping
legislators to seek more details from patten over resignation
indian villager attacks three wives with ax
fire hits department election security force office
hyundai 's unit pulls out of jackson 's performance
egypt to build world 's largest museum
bomb blast injures seven in istanbul
communist communist party accused of communist plot
hill fastest in hungarian grand prix practice
china 's political future to be set up in hong kong
top military leader blames opposition for isolation of burma
fbi team en route to israel to question bomber
UNK wins opening match of croatian open
top nato commander inspects disputed military site
u.s. russian naval forces conduct exercises in sea
french singer daniel UNK UNK from poster ad
bangladesh cuts electricity charges after workers threaten to strike
south korean novelist handed over to south korean embassy in beijing
greek cypriots mourn protester killed in buffer zone
ethel pinera meets predecessor
two thirds arrested in violent protests over food prices
israel bars arafat from flying to west bank
yeltsin blasts security chief 's handling of chechnya
red cross says detained protesters in good condition
UNK UNK UNK UNK
date beats sanchez vicario in toshiba tennis classic
morris europe withdraws sponsorship of mclaren formula one team
stocks move higher in early trading dollar slips
finland defeats czech republic #-# at world cup
belarusian president does n't consider himself
u.n. chief reports croat attacks on serbs
rescuers say no survivors in russian plane crash
results of women 's shot put at olympic games
allenby takes lead in british masters
greek foreign minister reopens greek consulate
at least ## killed in landslide landslides
gaudenzi reaches generali open final
baghdad marks #th anniversary of kuwait 's invasion of kuwait
palestinian journalists banned from contact with israelis
sunday opposition party contests election results
spanish judge opens investigation into crash deaths
american stevenson upset in toshiba tennis classic
ethnic group supports military 's plan to hand power back to civilian leaders
death toll rises to ## in south shipwreck
two killed in south army helicopter crash
charles sets up new architectural foundation
ntini gives south africa only breakthrough
butler refuses to supply iraq with chemical biological missiles
nigeria names new electoral commission
survivors of u.s. embassy bombing in nairobi
indian nuclear expert shrugs off indians protests
heatwave kills ## in eastern cyprus
iraqi family not deported from hungary
thailand 's economy to bottom out in q#
russian artists pay tribute to alfred UNK
hong kong 's key stock index plunges ## pct in morning trading
london share prices down sharply at midday
connors wins citibank tennis tournament
u.s. diplomats moved into cairo embassy compound
israel advises u.s. to treat embassy bombing warning
russian diplomat accuses pakistan of sending troops to afghanistan
four poles sentenced to prison in denmark
foreign workers to get more work permits
egyptian opposition leader dies
myanmar expels ## foreign democracy activists
pope marks italy 's summer holiday
more than ###,### people stranded in north china river
britain ireland to wipe out ira dissidents for omagh bombing
## militants killed in kashmir
israeli bank robber to be released early for good behavior
new zealand 's ruling coalition splits
controversial play on gandhi assassin banned in most populous state
rash of malaria cases reported in russia
italian police seize hashish being smuggled from italian
palestinian forces detain two palestinian prisoners
piepoli wins fourth stage of burgos cycling tour
u.s. embassy on full alert against possible terrorist attacks in sudan afghanistan
kenyans express mixed feelings over u.s. embassy attack
UNK UNK UNK UNK
uruguay stops uruguay in rugby world cup
ethnic albanians accuse serbs of launching artillery attack in kosovo
kipketer wins european championship
greece says security forces in state of extreme vigilance
lebed urges russia to name representative to caucasus
death toll in kigali kigali suicide bombing rises to #
collated results from uefa cup second round matches
chicago # baltimore #
abu nidal detained in egypt
brondby # kosice #
turkish authorities detain ## would-be immigrants
lebanon warns israel against attacks
fisher river advance to first little league world series final
german jews call for fund for nazi slave laborers
garcia topples kuchar in amateur golf
hun sen urges cambodia to drive him from power
howard calls national election for oct. #
barcelona draws with santander in spanish league
earthquake shakes slovenia 's central region
silkair crash not cause of pilot suicide
sosa takes two curtain calls
southeast asian foreign ministers seek investment in asia
new chinese foreign minister looks ill at ease
di michele allowed to play friendly matches
house blocks confrontation over fuel economy
new al-qaida video to be released soon
belarusian president to pay $ ### million to settle gas debt to russia
scottish fa wants to issue diving bookings
new zealand 's telecom corp.
democrats threaten to cancel energy bill
eu south pacific nations wrangle over development aid
u.s. police arrest man in replica of u.s. revolutionary submarine
bush signs anti-terrorism legislation
UNK to get circumcision of circumcision as his ancestors
afghanistan to produce another record poppy harvest this year
flintoff to be selected for england cricket squad
edinburgh fringe stages performance extravaganza
nissan warns of possible collisions
european markets fall on wall street 's decline
u.s. judge orders three men extradited to face charges in plot to attack jfk airport
## charged in india train bombings
## charged in mumbai train bombings
olympic star manaudou likely to find new coach
gold opens higer in hong kong
iraq imposes driving ban for shiite pilgrims
con ed driver sues con ed
yen falls dollar weakens against euro
u.s. cuts guantanamo bay population to nearly half its peak in ####
puma profit slips ## percent in second quarter
euro slips against dollar
spector jurors visit mansion
mexico criticizes u.s. border authorities
britain 's health service must review alzheimer 's treatment
english premier league promoted to english premier league games
palestinian rockets fall into israel
bridge death toll rises to #
results of french first division soccer league league
three egyptian brothers die in land mine explosion
iraq 's top sunni politician urges arab nations to help stop
# suspected taliban killed in clashes in eastern afghanistan
euro down against u.s. dollar
wall street ends marginally lower
results of western &amp; southern atp tennis
nato commander in kosovo says patience running out
petrobras plans to invest $ ### billion in ####
israeli muslim charity leaders win rare win in court
six people killed in duisburg shootings
mattel recalls dozens of toys from asian markets
israeli troops uncover tunnel in northern gaza
dollar lower against the yen
north korea 's economy shrinks for first time in eight years
indian schools to ban junk food
max roach master percussionist dies at ##
biden 's son prepares for deployment to iraq
erin nears hurricane strength in the atlantic
dollar slips against euro after fed rate cut
hurricane dean barrels across yucatan peninsula mexico offers aid
u.s. house speaker says he wo n't run for re-election
tour of germany results
u.s. psychologists vote against interrogation role
rove sees encouraging signs for republicans
chinese raises death toll from typhoon sepat to at least ##
hsbc in talks to buy stake in korean bank
hotelier leona helmsley dies at ##
no. # nba players make playoffs
hurricane dean barrels into mexico
detained iranian-american academic released on bail
jewish group reverses stance on armenian genocide
body of ##-year-old woman found in western mexico
us dollar mixed gold down in european morning trading
kenyan president rejects bill for independent media
runway incursion under investigation at los angeles international airport
georgia accuses russia of violating airspace
dubai stock exchange breaks law on takeover
u.n. envoys accuse cambodian gov t of interfering with judiciary
rose UNK opera singer dies at ##
somali meatpacking plant officials offer to tweak break times
majority of poles oppose hosting u.s. missile defense base
german federation votes to triple players testing for doping
gay groups denounce gay festival in new york
three more innings for dodgers
leading scorers in the bundesliga bundesliga bundesliga
asean hopes to conclude free-trade talks with china tokyo australia
iraq pm lashes out at u.s. critics
tokyo stock market s main index down #.## percent
u.s. attorney general gonzales resigns
arkansas governor says no quick crisis in new law
whole foods supports purchase of wild oats markets
euro drifts lower against u.s. dollar
fires ravage greece as national catastrophe
oil and gas futures fall on supply concerns opec worries
winds push wildfire closer to sun valley
dollar up gold falls in morning trading
ireland growing warmer and wetter
police use tear gas water cannons against demonstrators in
menotti looks forward to directing tecos of guadalajara
two american priests to be consecrated in kenya
tyson gay completes sprint double at worlds
father takes wheel to drive drunk son
leona helmsley to leave $ ## million to dog
tokyo stocks up on yen 's weakness
lebanese helicopters step up raids on islamic militants after # soldiers killed
baa plc names two high-profile directors to improve public relations
republican u.s. senator to resign in storm over sex sting at a airport men s room
germany 's bayer workers taken to hospital after toxic leak
ding UNK believes in miracles
holyfield not your normal heavyweight champion
israeli orthodox chief rabbis meet in effort to overcome rift within judaism
france wants five new eastern european nations
bruins draft pick thornton doubtful
ukrainian inflation is #.# percent in june
latvian president expresses condolences to jews for nazi holocaust
moi calls for reforms in kenya
new york 's secular jewish neighborhood grows
spain 's alonso wins venice open
patten back in hong kong politics
kim jong il to delay plans to assume full power
colombian rebels blow up hopes for peace talks with rebels
socialists consult with allies over new government
socialist party leaders consult on albania 's new government
italian bologna signs contract with bologna
italian soldier killed in munitions explosion
philippine defense force commander says sacking of mercenaries was political vengeance
rescue workers search for survivors in venezuela earthquake
protestant orange order not to march in protestant march
## killed in pattaya hotel fire in pattaya
tajikistan to repatriate ##,### refugees
art returned to heirs of jewish collector
court hears case of jordanian soldier accused of killing israeli schoolgirls
dollar traded mixed stocks rise in early trading
china vietnam vow to improve relations despite territorial disputes
virgin islands police investigator charged with smuggling cocaine
iranian police seize over ### kilograms of opium
women in leading positions complain of persistent male domination
north korean soldiers fire mortars at border post
food shortages worsen in north korea
june registers smaller trade surplus in june
european leaders praise annan 's reform plan
missing father of italian fashion designer found in philippines
UNK stadium beat colombo in colombo stadium qualifier
ballesteros still missing
mobutu ally arrested for embezzlement
karadzic supporters expelled from ruling party
irwin wins fifth senior pga tour event of year
grenades explode near police station
leonard returns to british open
black american leaders defend lavish talks in africa
puerto rico ends water rationing for half million residents
red cross negotiators meet on food shipments to starving north korea
security council threatens sanctions against angola
UNK UNK UNK UNK
palestinian official calls for financial holy war
rock group singer gets suspended sentence for misconduct
france reconsiders commitments to africa
martinez defeats seles in wta tournament
UNK wins king george vi and queen diamond stakes
military court endorses verdict on jordanian soldier
egypt trounces ethiopia in african nations cup
thailand faces first recession in ## years
gas tank blast kills ## in urals
asian stock markets close generally lower
italian tax police search fininvest offices
british foreign secretary meets bosnian serb opposition leaders
saudi dissident pleads innocent to plotting to kill americans
nasa rejects u.s. astronaut 's attempt to live on mir
algerian soldiers step up patrols after car bomb kills three
rafsanjani steps down as iran 's president
asia-pacific traditional arts festival opens in yilan
u.s. dollar up in early taipei trading
taiwan to formally open food drug administration
acer unveils taiwan top ## global brands
taiwan shares open little changed
first comic-book version of defense ministry introduced
president chen to attend summit in el salvador
interior minister favors setting up casinos at offshore island hotels
congresswoman urges chen to be welcomed in taiwan
premier angry at post-quake reconstruction work in taiwan
sun yat-sen 's granddaughter calls for peaceful cross-strait reunification
kmt chairman calls for unity among kmt members
taiwan stresses holding referendums on taiwan human rights
hka prices up on taipei stock market
UNK university to develop micro nano technologies
taiwanese women activists call for gender equity in funeral rituals
first UNK mammal put on display in suburban taipei zoo
cross-strait trade pact talks to focus on agriculture ipr protection
taiwan-china charter flights open four months ago
taiwan theme parks business grows significantly in first quarter
taiwan makes emergency checks on u.s.-bound flights due to swine flu
national human rights museum to open next year
taiwan 's umc sees slight drop in november sales
formosa plastics denies core leadership deal
first probable human case of mad cow disease found in taiwan
academia sinica predicts moderate economic growth for ####
community rangers formed to help protect wetland areas
taiwan to form special panel to seek investment from china
u.s. dollar closes higher on taiwan forex
UNK UNK UNK UNK
signing of ecfa stirs up sense of crisis
u.s. dollar closes up on taiwan forex
europe 's first chamber music festival opens in tainan
pfp chairman meets james soong
taipei mayor jiang top men of year lists in taiwan strait
president lauds decision to open taiwan to mainland tourists
kanye west not playing one of his own shows
iraq senate passes $ ###-billion spending bill
the boston globe
italian parliament elects former communist as president
english english on english side
pentagon 's top medical officer contests gao report
italian soccer has no religion
internet pioneer UNK UNK dies at ##
UNK UNK UNK UNK UNK UNK
united states 's biggest gamble on aids
marine killed in fighting diary of lima company
reyes ready for san diego
complaints about UNK 's success
gas prices rise as gas prices rise
african gold from UNK collection
us visitors to germany to visit washington
post article calls for cnn president
water in shower goes from cold to colder
aaron owens to be released in ####
strange form of cancer found in dogs
charges filed in stock options scandal
how to keep children safe
red wine blossoms in pinot noir
cable tv networks in the spotlight of bob vila
pluto 's official status on the rise
new blast kills three in kurdish resort
los angeles foundation co-founder 's statement on terrorism
bush chirac not to attend louisiana purchase ceremony
consumer electronics a pain for consumer electronics
u.s. soldier killed # wounded in iraq
anne hull gets lots of reader response
former sen. paul simon dies
dean says no to missile defense
fever pitch reaches fever pitch
saddam hussein caught in UNK hole
michael jackson 's UNK
american coffee UNK culture downs average of three cups
microsoft new york launch web site
a taste of betrayal and blood revenge
UNK editors move on thursday
u.s. postal service issues UNK stamps
ear tag on cow found in canada
mad cow disease hits american ranchers
former vice president cheney supports legalizing same-sex marriage
UNK watches with a smile
sec charges countrywide with fraud
bush 's UNK is old and ailing
it 's time to worry about state of UNK
almost #.# million u.s. homes may wake up to blank tv screen
two contrasting types of urban life
the human contract of the human contract
white house defends white house visitor logs
new dvds you can watch this weekend
fiat 's alliance with fiat creates new start
iran 's political dissent exposes divergent ways
obama campaign awash in jobs in iowa
los angeles times to produce musical version of thriller
donald trump to run for donald trump
UNK postcards with stamps
fbi agents raid jefferson 's office
former chief of staff tom delay dies
ann coulter calls media for media
the UNK of wood fires
migraine can shoot yourself for the head
UNK service corp.
a jew with missing teeth flat feet
clinton team predicts more hurricanes
temperatures warming over past ## years
merck considers another wave of lawsuits against merck
house rejects net neutrality in telecom bill
UNK must be pleased
paterson proposes to eliminate pay perks for district commissioners
results from world road race championships championships
UNK elephant camp
u.s. man guilty of stalking uma thurman
bush issues veto threat
us company develops camera software system
alexander calder ## artist and painter
collision occurs in west hollywood
lebanese gov t rescinds two decisions on hezbollah
UNK books sold in california
UNK singh has a birthday
frey returns to la boardwalk
swat deal could mean broader ties with militants
survey shows state moving closer to accepting non-traditional marriages
arson linked to chicago mayor 's death
key issues in moving storage companies
sony sony sign agreement paving way for digital tv sales
el UNK land of el UNK
bureau official meets ncaa guests
magic howard chats with smith
d.c. council oks medical use of medical marijuana
europe shares rise amid fears of new credit downgrade
a UNK for UNK
UNK to miss burrell
bureau official meets ncaa guests
golf lessons of golf
how cow manure can be used for energy
a creek walk in the river
teachers give up raises in five long island districts
finding good talent in digital ad agency
penguins beat red wings #-#
switzerland bids for second cup cup
khan 's entry into u.s. delayed
california 's law schools on giant UNK
chronicle movie critic in sf chronicle copyright ####
a big day for a big day
alex sink to leave alex sink
using certain anti-cancer drugs
alexandria wallace wants to earn salary
european european leaders promise major financial reforms
the ultimate girl 's night out
copyright #### opens in san francisco
bp documents show serious problems with deepwater horizon
interview for catholic priesthood
forecasters predict active hurricane season
los angeles daily news budget ...
blur of blur 's guitarist
ainge not talking with celtics
treasury fed introduce new design for currency
sunday sunday sunday sunday sunday sunday sunday sunday sunday sunday sunday sunday sunday sunday sunday sunday sunday sunday sunday sunday sunday sunday sunday sunday sunday sunday sunday sunday sunday sunday sunday sunday sunday sunday sunday sunday sunday sunday sunday sunday sunday sunday sunday sunday sunday sunday sunday sunday sunday sunday sunday sunday sunday sunday sunday sunday sunday sunday sunday sunday sunday sunday sunday sunday sunday sunday sunday sunday sunday sunday sunday sunday sunday sunday sunday sunday sunday sunday sunday sunday sunday sunday sunday sunday sunday sunday sunday sunday sunday sunday sunday sunday sunday sunday sunday sunday sunday sunday sunday sunday
mavericks beat spurs #-#
john e. UNK ## former chief executive of the UNK corp.
a dream team in new film
ground zero master plan unraveling
hit man breaks free speech limits
kozlowski quiet on witness stand
muti ends triumphant evening at la scala
three republican house members urged to disclose funding sources
scientists find new species of dinosaurs
office politics and family affairs
jackson to meet jackson soon
former official says bolton 's effort to oust cia analyst was troubling
former first lady in political thriller
white board hangs on the wall
southern california motorists waste more time in stalled traffic
the curse of the curse
jennifer rosales defends lpga chick-fil-a
vanity house pays tribute to vanity project
buchanan 's defeat of hitler 's nazi germany celebrated
former governor 's son to run for u.s. senate
suns sign defenseman d'antoni
burgess has a single word
forecasters predict active season this year
senate likely to vote on vehicle fuel economy
the host of my UNK fire
morgan stanley ordered to pay $ ### million in damages to perelman
the #-year-old is not to be in beijing
koreas agree to hold cabinet-level talks next month
healthsouth case ends with acquittal
vatican china explore diplomatic ties
china vice premier cancels meeting with premier
a UNK affair
pentagon holds conference on private plane over columbia
new york times editorial editorial for friday may ##
women 's well-being for women 's well-being
new york officials urge credit card companies to stop illegal trade
beckham to make debut in new york
sweeney faces toughest time ever
council of jewish groups may win jewish votes
raiders make big comeback for dan marino
texas boy survives in drug rehab center
colombian stocks rise amid optimism over economic recovery
keating has last conviction thrown out
new york 's new york college faces new challenges
boeing to help mcdonnell douglas develop larger jets
new york times editorial editorial on UNK
texas senator takes seat on panel UNK panel
UNK 's routine exercise
republicans republicans try to dispel differences
film festival opens in utah
clint eastwood 's UNK photo
panetta praises clinton 's u.n. negotiating style
new york times editorial editorial on UNK
UNK raises $ # million for internet discussion area
boy to remain in custody of child protective services
smith 's next acquisition might be navy
miami dolphins coach jimmy johnson retires
general growth properties buys three michigan malls
UNK hires fidelity executive per UNK from fidelity
mining company offers $ #.# billion for santa fe pacific
it 's a high-tech haven
fidelity hires putnam executive williamson from putnam
steinbrenner expects yankees to sign major player this week
volvo aero to launch aircraft engine development project
reno makes debut as supreme court attorney
clinton promises to govern with same centrist themes
ibm wins jury verdict in UNK case
massachusetts institute forum on holiday hits
crown cork other companies sell $ #.# billion in debt
tv industry vows to fight UNK tv ratings
european bonds rise after european minister meeting
computer consultants to get computer consultants
a valentine 's holiday shopping list
kent graham arrives in arizona
new york 's gas pit hits new high
coca-cola has ## percent share of china 's UNK drinks market
skate skate figure skating gold
subaru loses high court challenge to legal rules
yankees defeat yankees #-#
u.s. november housing starts rise #.# % to #.### million rate
chase manhattan 's stock options get stock options
american folk hero to open christmas film
toys not educational shopping
u.s. trade deficit to draw mostly UNK from many companies
young says he 's inclined to go along with sentencing agreement
nikkei plunges to lowest point in a year
general electric to split stock #-for-# increase dividend
my fellow americans in a comedy
clinton announces new cabinet choices
old presidents of america
michael has a lot of problems
use of fireplace cigarettes
los angeles 's political climate in los angeles
philippine president may need heart surgery
croatia 's UNK president at death
boeing 's bid for mcdonnell douglas most dramatic step
nba standings after saturday 's matches
fcc proposes easing rules for baby bells
netanyahu arafat meet on hebron accord
fear of great joy in great joy
more than just toe can sue
how to find tickle me elmo
strangers with destiny with destiny
south african reserve bank likely to reduce lending rate
new york times editorial editorial on UNK
hog farmers in hot summer
snyder 's time to be macho or smart
shakeup on sports field
walter cronkite on his way to life
seattle seattle develop master plan
UNK UNK UNK UNK
marshall 's christmas wish
UNK ohio to play in nba playoffs
cookies start over thanks to food pros
german couple arrested in colombia after hostage release
UNK mother target of social advantage
congress spends the public 's treasure in congress
rangers munoz not to be on rangers roster
nonfiction UNK nonfiction
hunter hunter hunter hunter preserves the collective spirit
americans see fewer americans for medical costs
sprint casts shadow over u.s. construction
cox news service commentary budget
north america to reduce sulfur emissions
los angeles loses bid for expansion team to houston
ge to invest $ ### million to clean up pcbs
good news in phone call
rising interest rates bad news for banks
stocks end lower in thin trading
### pitches to make ### pitches
how to find your toddler UNK
patriots plan to beat patriots
state farm to buy more insurance for itself
dell signs $ #.# billion deal with samsung electronics
in our culture in our culture
divorce rate hits ##-year low
lerner is nervous about college issues
most clients have no longer enough for most clients
october 's october gales add to october gales
UNK UNK UNK UNK
kings win #-# in first five games
bush 's first stop is a rich business district
mac users do n't have much choice
prosecutor sworn in to replace starr
st. petersburg 's st. UNK gets facelift
UNK to be the same old stuff
shaw 's offseason as good as ever
confession time
three car bombs kill ## in new york
white house congress have right to send troops into battle
#-year-old bass dead in kansas city home
weekly sales reflect sales trend
guillen hits the .###
american beauty makes american beauty
braves glavine ready for game #
cox news service sports budget
how to locate you find it
rich braves get richer in world series
women 's table tennis results
lewis says koop 's testimony still cited
oct. ## UNK on oct. ##
canada 's border with united states
clipper fans know the clipper fans
angels to have a big day
the best of the mall
coaches hope for perfect start
checkout line to start selling computers
john henry stanford 's new superintendent
levi strauss jeans in the world
hollywood studio built in new studio
e-mail sent to virginia house of delegates
u.s. tourism booms in ####
jakarta 's chinatown still alive with ash bricks
cks group UNK finally gets serious
dodgers may have first disaster for ####
georgia tech coach o'leary cool on practice
argentina to host quick getaway from new york
UNK containers to be UNK enough
new york high school students to have new school
bonnie UNK brings letterman out of bed
two semiconductor giants offer upbeat outlook
starr 's report to congress
impeachment process calls for impeachment
snyder 's dream team reaches national championship game
goalkeepers not directly involved in soccer
u.s. open champion finds light bright as rudolph 's nose
ny news service tuesday sports budget
adobe drops bid to acquire adobe
UNK takes the lead
s pore delta to upgrade long-haul in-flight service
free art UNK UNK UNK
former fbi agent refuses to turn over documents
zombies ghosts ghosts ghosts and ghosts
community group donates school uniform money
texas governor to visit congress
georgia dome to be held in georgia
football books of the people
skip away holds talks with saturday saturday
angels beat devil rays #-#
#### peru pacific at a glance
virginity ban affects #,### girls
clinton may not leave impeachment
indonesian gov t questions suharto over wealth
free art UNK UNK UNK
a shower in your cedar
a dark night in the dark and stormy night
chattanooga chattanooga to celebrate fine craft
death toll from hurricane georges 's rampage crosses cuba
financial stocks in turmoil
sosa mcgwire step up home run duel
newcombe to play in washington
williams fears free agency
children 's rights advocates seek marketing data
impeachment process to kick into high gear
students may end up with lower scores on tests
williams should be included on the list of players
cranberries business in mass.
grenades thrown at israeli patrol in hebron
edmund pillsbury museum director dies at ##
putin visits venezuela to sign military oil agreements
legend of UNK UNK
los angeles to run out of cash
best coaching tactic is desperate
young people suffer from bullies
harlem school of the arts celebrates ##th anniversary
romney puts a focus on health care
big man in nfl draft
harold ross the new yorker
tidal marshes of plum island
grand jury is in s. africa 's grand jury
polish president 's death on the internet
senate calls for abolition of municipal fire departments
school green vests promise on my honor ...
bureau official meets ncaa guests
questions should be addressed in gordon
first earth day observed in san francisco
celtics beat celtics ###-##
jean UNK chef who opened le cirque is dead at ##
doctor in kenya 's aids clinic has chilling story
tornadoes kill at least ## people in mississippi
greek assets sink to new low as merkel keeps pressure on greece
the people 's windows
former police chief gates visits hospital
rays add benoit to bullpen
world economy is as wednesday
obama turns to obama
new court ruling allows digital video recorder
olympic fever in olympic city
fannie mae posts $ #.# billion loss
group that threatened attacks on olympic games says group involved in separatist movement
fidel castro turns ##
UNK leads nbc to first olympic games broadcast
white on defensive as bucs defensive end
chinese communist party UNK chinese communist party
suspect may have been thinking about his victim in arkansas
UNK UNK UNK
beijing to host beijing olympics
carr hopes to take another step toward title
usain boldon UNK trinidad
seattle UNK blood clots
a victory for a UNK moment
dana to play in UNK
chinese official blames human error for age controversy
shoppers use debit card for shoppers in china
israeli settlements go beyond boundaries report says
UNK .# 's UNK .# 's non grata caucus caucus
dalai lama meets with dalai lama
bank accounts stolen from bank accounts
curlin gets the job done in saratoga
network news anchors diverted to mccain
eyes on the eyes of toronto
court allows transfer of padilla from military to civilian custody
daniel 's book of daniel
powell speaks volumes to white house
yao UNK member of china 's notorious gang of four dies
sharon 's political missing throws future of peace process
southern california politicians make case for spending billions
manning wins super bowl
dow jones industrials back above ##,###
a new year for barbecue joint
north carolina 's foster care system makes killer out of
california winemakers win high court victory in california
monk to resume fourth season with silly case
charlie coles coaches #,### basketball games
schwarzenegger to sign bill to save ### UNK lane
lobbying begins in louisiana
ahmadinejad says iran not to abandon its nuclear program
st. louis first division soccer results
eric UNK swimming coach dies at ##
miami miami miami miami miami tennis results
israeli acting pm says willing to restart peace talks with palestinians
city of villains games in city of villains
free UNK to give free tickets to afc championship game
giants defensive line gets defensive line
four killed in earth fighter plane crash
marsh to get payback
robertson says god can see god 's purpose in natural disasters
s. carolina supreme court justice takes aim at s. carolina
lopez in the senate chamber
brooklyn teenager fatally shot
tunnels dug between gaza egypt in last quarter
a different look at skin hair
doctors urge teaching hospitals to limit gifts
james franco 's best friend in spider-man
georgia alabama democrats promote bible classes
ipod widow becomes ipod widow
ski and snowboard group to fall down
philadelphia braces for lightning
opec members likely to keep pumping oil at current levels
progress made in peace talks with leftist rebels
malaysia beat bangladesh #-# in world cup qualifier
marine tourism services in southwest china
chinese belarus leaders meet to discuss ties
npc vice-chairman meets seoul national visitors
china 's foreign trade expands in ####
slovenia planning contribution to albania force
shanghai transforms into homes for elderly
pudong united rural credit cooperative
china 's vice-premier meets president of toyota
rafter sorry for being drunk
nominations announced for judges of international tribunal
trade fair in hainan vietnam generates one billion yuan-worth
iranians stage demonstrations in front of german embassy
sudanese government troops repel rebel attack
eu u.s. reach agreement on helms-burton
chinese vice-premier meets iranian deputy minister
botswana to devalue currency
multinational force to land at albanian port
hezbollah fighter killed in clash with israeli forces
belgian diamond trade conference to be held in hk
chinese economy seen to grow # percent in ####
italian troops to enter albania
five workers of aeroperu airline to be tried in october
labor 's lead drops to four-year low
group eight standings of world cup concacaf zone
second mekong tourism forum to be held in vietnam
pakistani president meets with chinese army chief
ec agrees not to resort to wto dispute settlement mechanism
sydney olympic games to have traffic jams transport problems
bonn reaffirms commitment to german maglev link
toyota builds new plant in east thailand
shanghai to expand chain store outlets
dpr korea beats south korea in women 's team semi-finals
eu ambassadors to return to iran soon
## killed in china train crash
northeast china province to build expressway
bush pakistani pm meet at white house
working group forms working group of hong kong 's sars expert committee
koizumi reiterates confidence about economy
asean to sign free trade agreement in ####
feng jian wins ###m title at winter feng jian
philippine shares close #.# percent higher in listless trading
nigeria supports #### world cup bid
iraq rejects turkish offer of sending troops to iraq
cppcc vice-chairman meets with rok delegation
costa rica rules out opening up telecom sector
regional investment summit to be held in romania
adb grants grant to china to reduce poverty
yunnan to raise #.# million yuan to help rural people out of poverty
officials of china portuguese-speaking countries meet to discuss cooperation
vietnam to build first underground railway
un envoy says israel violated its airspace
china 's former vice-mayor executed for abusing authority
shenzhou-# successfully launch successful shenzhou-# launch
interpol issues guidelines for policing of wanted fugitives
chinese envoy urges continued support for timor-leste
millions still hungry for world food day
ecuadorian president reiterates support for bolivian president
zimbabwe to invite more chinese friends to zimbabwe
cambodia 's major parties cancel decision to attend coalition talks
saudi crown prince calls on muslims to move unity tolerance
israel launches third missile strike on gaza city
world cup alpine world cup slalom leading results
palestinians youth killed in israeli airstrike
comesa to set up common investment area
bulgarian police seizes ## kg of heroin
european stocks end mainly up
austrian fm to visit china
ballack recovers from ankle injury
UNK container freighters launched
sri lankan prime minister to meet us president
pakistan stocks close higher
s. korean stocks continue upwards
seven killed in car accident in s. africa
pakistani president praises sino-pak relations
schedule for world cup volleyball
nigeria to build second liquefied natural gas plant
all judicial files on intellectual property rights to be published in beijing
kenyan authorities issue tough warning to politicians ahead of polls
truck drivers mechanics end strike in los angeles
hosts wuhan win men 's soccer title at chinese city games
california braces for possible new round of wildfires
musharraf declares state of emergency in pakistan
uae energy giant announces retrospective oil prices
south asia world bank management team in nepal
london share prices down #.# percent
thai cns ignores demand to resign
u.s. senate house to spend ### bln dlrs in baseline defense budget
israeli settlers continue construction of new houses in west bank
border patrol arrests ## undocumented migrants at border
vietnam machinery import up ## pct in first ## months
siemens says internal probe reveals improper transactions
zambia 's biggest mining company to spill out # bln usd
city hopes to host first ever youth olympic games
three people die in landslide in northwest china
six confirmed dead in central china food poisoning case
taliban to see dozens of daily print magazines in afghanistan
vietnam 's agriculture not sufficient enough
russian central bank predicts lower gdp growth
ronaldinho reported for training with brazil
taiwanese fishing vessel arrives in kenya
mexico to host ochoa golf tournament
zambia minister calls for calm after fans death in stampede
tokyo stocks fall sharply dollar slips against yen
eriksson signs three thai young players
china 's sun hui wins women 's ##kg sanshou at world wushu gp
namibia imports ### tons of maize from zambia
rescue work completed at gold mine in australia
cyclone death toll rises to ### in bangladesh
nigeria to host world entrepreneurship world cup
beijing encourages historical cultural sites
zoe 's ark arrives in france for visit
## militants killed in afghan battle
pakistan misses commonwealth foreign ministers meeting
china launches new on-line database
romania kazakhstan to cooperate in transporting caspian oil
vietnam 's exports to surge this year
cuban boxing officials censor elimination of boxers protective head gear
croatian parliamentary elections kick off
##,### vietnamese die of smoking annually
jiang UNK jiang UNK dies at ##
magnitude-# .# earthquake rocks metro manila
chinese vice-premier urges to develop service trade
UNK UNK UNK UNK
pla artillery force commander ends visit to sweden
australian pm-elect announces new cabinet
china honors mauritania 's ##th independence celebrations
marshall islands opposition declares victory in marshalls election
congo launches campaign against aids
roddick advances to quarterfinals of davis cup
u.s. construction spending drops for fifth straight month
vietnamese pm urges to monitor food safety
asian swimming record tumbles again
zimbabwe 's ruling party asks electoral commission to audit electoral material
lebanese speaker shocked at french fm 's remarks
cowen elected leader of ireland 's governing fianna fail party
bangladesh-india train service resumes after ## years
olympic committee spokesman criticizes torch relay sabotage in beijing
chinese carmaker chery 's exports grow ##.# pct in first quarter
chinese ambassador to oman highly values preparation for olympic torch relay
straits straits shares end higher
china economy grows ##.# percent in first quarter
white house says carter hamas meeting not useful
## killed in philippines road accident
jet li foundation raises nearly # mln yuan for relief work
UNK wins women 's epee team gold
un chief urges tackling soaring food prices low food stocks
schools in india 's orissa state closed for summer holidays
another #.# million people fall below poverty line in argentina
cherie blair visits bangladesh 's supreme court
chinese lawmakers adopt law amendment to protect ## million disabled
chinese urbanites income grows faster in first quarter
uruguay 's river plate defeats uruguay 's bella vista
hushen ### index down
u.s. president criticizes congress for not acting on fuel costs
death toll rises to ## in eastern china train crash
dollar falls to upper ## yen range in early tokyo deals
iraqi oil ministry gives two-week extra time for foreign contracts
americans spend more on spending
cambodia 's insurance industry grows ## pct in ####
china 's auto export up ##.# percent in ####
world 's largest snake found in the world
new zealand to help solomon islands flood victims
allen named alternative to file in nba all-star game
gold closes higher on weak dollar
angola cuba call for more democratic economic policy
au to send envoy to madagascar
## civilians wounded in rebel attacks in southern philippines
obama vows to prevent nuclear proliferation during presidency
rocket hits israel before election ends
czech president ratifies eu agreement on galileo satellite navigation project
australian unemployment rate rises to #.# pct
chinese president continues visit to saudi arabia
israel 's kadima wins ## seats in parliament
plane crashes in u.s. state of new york
lebanese pro-government leaders renew animosity to syria
beckham fails to raise bid for ac milan
chinese feather makers denounce swedish media report on UNK of geese ducks
venezuelan president wins constitutional referendum
vietnam vulnerable to hepatitis b virus
china 's participation in un peacekeeping operations expands dramatically
birth rate hits ##-year high in new zealand
third to promote mutual benefit win-win cooperation says third
cambodia to see economic growth rate for this year
argentina summons italian ambassador over berlusconi remarks
iran vows not to suspend nuclear work after iaea report
shao jie women 's tennis singles results
katyusha rocket hits western galilee
israeli president shimon peres officially sworn in
chinese vice president meets maltese vice president
brunei unveils silver jubilee national day commemorative coins
china china enjoy UNK UNK
zambia resumes repatriation of angolan refugees
polluted chinese cities still polluted
kenyan government challenges african scientists to research on farming
mainland taiwan to start direct transport postal services on wednesday
xu xu xu UNK xu UNK xu UNK xu UNK xu UNK xu UNK xu UNK xu UNK xu UNK xu UNK xu UNK xu UNK xu UNK xu UNK xu UNK xu UNK xu UNK xu UNK xu UNK xu xu xu xu xu xu xu xu xu xu xu xu xu xu xu xu xu xu xu xu xu xu xu xu xu xu xu xu xu xu xu xu xu xu xu xu xu xu xu xu xu xu xu xu xu xu xu xu xu xu xu xu xu xu xu xu xu xu xu xu
china wins speed skating gold south korea misses men 's title
sony president to step down
## south china students suspended for gambling on nba games
former serbian president returns to belgrade
china holds graduation ceremony for tibetan buddhism college
switzerland to pay heavy price for living standard
facts and figures about china 's main export commodities
judge refuses to delay mcveigh 's execution
india pakistan discuss kashmir issue
ifad to help china with UNK project
results of u.n. pacific fencing championships
inflation rate falls in kenya
heads of five former soviet republics end meeting in yalta
albania cup in world cup qualifier
china vice-premier meets new china vice-premier
intel sees signs of stability in chip industry
china u.s. reach full consensus on wto talks
thailand to spend ##.## million u.s. dollars on eco-tourism
northeast china province to fight water pollution
chief of general staff meets mongolian defense minister
overseas travel agencies make more profits in china
new zealand sharemarket closes slightly higher
swiss central bank holds interest rates steady
attorney general says UNK caught in car
sco to promote cooperation among member states
s. african youths urged to face poverty unemployment
shenzhen to build modern industrial park
china summary of asia-pacific economic news monday monday monday
french president to visit russia
canadian economy bounces back in #th quarter
gold price in hong kong unchanged
egypt lebanon to set up free trade zone
indonesian special assembly session to be held on august #
#### world cup soccer lottery counting on soccer lottery
beijing county opens new school
cast to popularize education science for young people
china to become full wto member this year
greek stocks continue downward trend
australian stocks slightly up
liaoning province fights insect pest
israeli troops bomb lebanese village
europe 's stock markets end higher with tech at lead
shaanxi sets up ### direct foreign investment projects in ####
eleven syndicates to challenge america 's cup holder
china hopes all parties concerned about iraq crisis
political uncertainty ends in nepal
UNK UNK UNK UNK
world cup austria ski jump results
first batch of live chicken to be shipped to hong kong
turkey 's leftist parties protest u.s. policy toward iraq
india to cut oil imports
spain king and queen to visit philippines
qatari emir visits saudi arabia
hong kong stocks close lower at midday
philippine poll body to eliminate nuisance candidates
germany marks centenary of UNK brecht
yemen president meets china president
sudanese vice-president ends visit to sudan
slovenian champions beat kinder bologna in euroleague basketball
chinese pharmaceutical factory in wuhan
bulgarian president starts visit to washington
timmer wins nagano olympic women 's #,### m speed skating
australian dollar little changed
## percent of french think nuclear energy to play bigger role
castro meets chinese delegation
medal standing at olympic winter games
former world champion vatanen to replace injured belgian in safari rally
confidence of outside investors will not be gone for long
pakistan iran working closely towards peaceful settlement of afghan conflict
iran welcomes american cultural exchanges
middle east business briefs
sri lankan gov t to release fund for local government bodies
sanctions kill nearly #,### iraqi children
china to cooperate with meteorological satellites
laos undertakes first major leadership change in five years
hong kong to hold international film festival
african fms deliberate in camera with oau
russian gas pipeline to be built into albania
europe shares up london paris hit new records
bumper harvest for china 's autumn grain harvest
hong kong shares end morning trade firmer
henman beats paradorn in paris masters
chinese vice premier meets chinese vice premier
vietnam 's export revenue up in #st two months of ####
us president says changes to cabinet for second term
hong kong police seize # million hkd worth of contraband goods
pakistani pm congratulates karzai on victory in afghanistan
france to send more troops to cote d'ivoire
philippine military denies destabilization attempts
wenger charged with improper conduct
arafat 's top officials leave hospital without statement
sri lankan navy detains # indian fishermen
scientists say kyoto protocol not enough to slow warming
tanzania ratifies eac customs union protocol
french plane carrying arafat 's body leaves paris
rwanda uganda hold talks on security issues
chinese president pledges to push forward UNK strategic partnership
tibetans put god to work
world bank assists rural electrification in cambodia
overseas filipino remittances up #.# pct in q#
chen chen wins ##th rowing gold medal at beijing olympics
chinese flights longest in nation 's history
vietnam detects small number of chickens with bird flu strain
hamas leader critically wounded in israeli assassination attempt
annan calls on african countries to stop shifting alliances
fierce clashes break out in western iraqi city
antigua and barbuda pm leaves shanghai for hk
fatah chooses abbas as candidate for presidential election
iran suspends controversial nuclear fuel work
# malaysian indonesian seamen executed in southern philippines
france says no reserve on un au decisions in cote d'ivoire
china to test prison population to identify hiv-positive prisoners
high school students identified as high school students in central china
women 's alpine skiing podium finishers
barcelona midfielder gerard out for up to two months
russia to boost ties with indonesia says new ambassador
asean-china economic consultation focuses on free trade area
philippines toll from tropical storm rises to ##
british rowing great pinsent retires
israel to re-open rafah crossing under european supervision
israel to halt targeted killing of palestinian militants
us files trade case against turkey over restrictions on us rice exports
israel rocket attack lightly wounds soldier
pakistani leaders urge nation to celebrate eid festival
eu to adopt anti-dumping duties on chinese shoes
earthquake aftershocks felt in major pakistani cities
UNK to enact curfew in paris
prices close lower on taiwan stock market
un security council extends mandate of multinational force in iraq
four palestinian officials among dead in amman suicide bombings
qiu le wins gold at last attempt in weightlifting worlds
warlord in nigeria 's oil delta region denied bail
chinese vice-premier pins high hopes on development of central province
coria loses first match at masters cup
cornell president meets with xinhua president
agassi quits shanghai masters cup
blast kills # in karachi
minibus overturn kills ## in southwestern guizhou
canada to develop carbon dioxide into oil fields
bjorn casey set sights on hong kong open
guerrillas abduct ### students teachers in eastern nepal
koizumi portrays UNK alliance as foundation for better ties with china s. korea
chinese president meets hong kong chief executive
merkel 's christian democrats ink coalition accord
us president arrives in beijing
chinese president hu jintao meets chinese president
us marines may be released in philippines
johannesburg bourse ends in negative territory
hong kong to implement additional precautionary measures to prevent avian flu
kenyan president dissolves cabinet
## percent taiwanese willing to work on mainland
iaea postpones referral of iran 's nuclear issue to security council
un okays more funding for peacekeeping missions in cote d'ivoire haiti
statue of martial arts legend bruce lee unveiled in mostar
british aid worker abducted in iraq
migrants urged to be considered as high-risk group of hiv\/aids infection
indonesia 's manufacturing growth slows down
mozambican suspect flees police headquarters
dollar edges down in lower ### yen in tokyo
un official says mideast peace process still faces challenges
